[INFO ,2014-05-28 19:37:57,729 0,firstone.cliente.datos.dao.VisitaDAO,AWT-EventQueue-0] Guardar visita :: CI 541232
[INFO ,2014-05-28 19:47:26,857 0,firstone.cliente.datos.dao.VisitaDAO,AWT-EventQueue-0] obtener Visita :: CI :
[INFO ,2014-05-28 19:47:27,433 576,firstone.cliente.datos.dao.VisitaDAO,AWT-EventQueue-0] obtener Visita :: CI :1
[INFO ,2014-05-28 19:47:27,808 951,firstone.cliente.datos.dao.VisitaDAO,AWT-EventQueue-0] obtener Visita :: CI :12
[INFO ,2014-05-28 19:47:29,280 2423,firstone.cliente.datos.dao.VisitaDAO,AWT-EventQueue-0] obtener Visita :: CI :123
[INFO ,2014-05-28 19:47:29,544 2687,firstone.cliente.datos.dao.VisitaDAO,AWT-EventQueue-0] obtener Visita :: CI :1234
[INFO ,2014-05-28 19:47:29,880 3023,firstone.cliente.datos.dao.VisitaDAO,AWT-EventQueue-0] obtener Visita :: CI :12345
[INFO ,2014-05-28 19:47:38,817 11960,firstone.cliente.datos.dao.VisitaDAO,AWT-EventQueue-0] obtener Visita :: CI :123456
[INFO ,2014-05-28 19:48:23,949 0,firstone.cliente.datos.dao.VisitaDAO,AWT-EventQueue-0] obtener Visita :: CI :12
[INFO ,2014-05-28 19:48:24,090 141,firstone.cliente.datos.dao.VisitaDAO,AWT-EventQueue-0] obtener Visita :: CI :123
[INFO ,2014-05-28 19:48:24,111 162,firstone.cliente.datos.dao.VisitaDAO,AWT-EventQueue-0] obtener Visita :: CI :123
[INFO ,2014-05-28 19:48:25,144 1195,firstone.cliente.datos.dao.VisitaDAO,AWT-EventQueue-0] obtener Visita :: CI :12345
[INFO ,2014-05-28 19:48:25,239 1290,firstone.cliente.datos.dao.VisitaDAO,AWT-EventQueue-0] obtener Visita :: CI :123456
[INFO ,2014-05-28 19:48:25,319 1370,firstone.cliente.datos.dao.VisitaDAO,AWT-EventQueue-0] obtener Visita :: CI :123456
[INFO ,2014-05-28 19:48:31,088 7139,firstone.cliente.datos.dao.VisitaDAO,AWT-EventQueue-0] obtener Visita :: CI :1234567
[INFO ,2014-05-28 20:01:05,620 1,firstone.cliente.datos.dao.VisitaDAO,AWT-EventQueue-0] obtener Visita :: CI :34
[INFO ,2014-05-28 20:01:05,775 156,firstone.cliente.datos.dao.VisitaDAO,AWT-EventQueue-0] obtener Visita :: CI :345
[INFO ,2014-05-28 20:01:05,792 173,firstone.cliente.datos.dao.VisitaDAO,AWT-EventQueue-0] obtener Visita :: CI :345
[INFO ,2014-05-28 20:31:26,374 0,firstone.cliente.datos.dao.VisitaDAO,AWT-EventQueue-0] obtener Visita :: CI :234
[INFO ,2014-05-28 20:31:26,518 144,firstone.cliente.datos.dao.VisitaDAO,AWT-EventQueue-0] obtener Visita :: CI :234
[INFO ,2014-05-28 20:31:26,544 170,firstone.cliente.datos.dao.VisitaDAO,AWT-EventQueue-0] obtener Visita :: CI :234
[INFO ,2014-05-28 20:31:26,694 320,firstone.cliente.datos.dao.VisitaDAO,AWT-EventQueue-0] obtener Visita :: CI :234234
[INFO ,2014-05-28 20:31:26,723 349,firstone.cliente.datos.dao.VisitaDAO,AWT-EventQueue-0] obtener Visita :: CI :234234
[INFO ,2014-05-28 20:31:26,781 407,firstone.cliente.datos.dao.VisitaDAO,AWT-EventQueue-0] obtener Visita :: CI :234234
[DEBUG,2014-05-28 20:31:40,803 14429,firstone.cliente.datos.dao.VisitaDAO,AWT-EventQueue-0] Validando valores de Visita :: CI 234234
[DEBUG,2014-05-28 20:31:40,807 14433,firstone.cliente.datos.dao.VisitaDAO,AWT-EventQueue-0] Validando valores de VehiculoVisita :: PLACA ABC3211
[DEBUG,2014-05-28 20:31:55,642 29268,firstone.cliente.datos.dao.VisitaDAO,AWT-EventQueue-0] Validando valores de Visita :: CI 234234
[DEBUG,2014-05-28 20:31:55,643 29269,firstone.cliente.datos.dao.VisitaDAO,AWT-EventQueue-0] Validando valores de VehiculoVisita :: PLACA CCBBBB123
[DEBUG,2014-05-28 20:32:01,090 34716,firstone.cliente.datos.dao.VisitaDAO,AWT-EventQueue-0] Validando valores de Visita :: CI 234234
[DEBUG,2014-05-28 20:32:01,091 34717,firstone.cliente.datos.dao.VisitaDAO,AWT-EventQueue-0] Validando valores de VehiculoVisita :: PLACA 123456ABC
[DEBUG,2014-05-28 20:32:08,305 41931,firstone.cliente.datos.dao.VisitaDAO,AWT-EventQueue-0] Validando valores de Visita :: CI 234234
[DEBUG,2014-05-28 20:32:08,306 41932,firstone.cliente.datos.dao.VisitaDAO,AWT-EventQueue-0] Validando valores de VehiculoVisita :: PLACA 12345ABCDEF
[DEBUG,2014-05-28 20:32:10,618 44244,firstone.cliente.datos.dao.VisitaDAO,AWT-EventQueue-0] Validando valores de Visita :: CI 234234
[DEBUG,2014-05-28 20:32:10,619 44245,firstone.cliente.datos.dao.VisitaDAO,AWT-EventQueue-0] Validando valores de VehiculoVisita :: PLACA 12345ABCDE
[INFO ,2014-05-28 20:32:10,619 44245,firstone.cliente.datos.dao.VehiculoVisitaDAO,AWT-EventQueue-0] Guardar VehiculoVisita :: PLACA :12345ABCDE
[INFO ,2014-05-28 20:32:10,659 44285,firstone.cliente.datos.dao.VisitaDAO,AWT-EventQueue-0] Guardar visita :: CI 234234
[DEBUG,2014-05-28 20:47:31,080 0,firstone.cliente.datos.dao.VehiculoVisitaDAO,AWT-EventQueue-0] obtener VehiculoVisita :: PLACA :12
[DEBUG,2014-05-28 20:47:31,229 149,firstone.cliente.datos.dao.VehiculoVisitaDAO,AWT-EventQueue-0] obtener VehiculoVisita :: PLACA :123
[DEBUG,2014-05-28 20:47:31,295 215,firstone.cliente.datos.dao.VehiculoVisitaDAO,AWT-EventQueue-0] obtener VehiculoVisita :: PLACA :123
[DEBUG,2014-05-28 20:47:31,839 759,firstone.cliente.datos.dao.VehiculoVisitaDAO,AWT-EventQueue-0] obtener VehiculoVisita :: PLACA :1234
[DEBUG,2014-05-28 20:47:32,303 1223,firstone.cliente.datos.dao.VehiculoVisitaDAO,AWT-EventQueue-0] obtener VehiculoVisita :: PLACA :12345
[DEBUG,2014-05-28 20:47:32,895 1815,firstone.cliente.datos.dao.VehiculoVisitaDAO,AWT-EventQueue-0] obtener VehiculoVisita :: PLACA :12345
[DEBUG,2014-05-28 20:47:33,174 2094,firstone.cliente.datos.dao.VehiculoVisitaDAO,AWT-EventQueue-0] obtener VehiculoVisita :: PLACA :12345A
[DEBUG,2014-05-28 20:47:33,438 2358,firstone.cliente.datos.dao.VehiculoVisitaDAO,AWT-EventQueue-0] obtener VehiculoVisita :: PLACA :12345AB
[DEBUG,2014-05-28 20:47:33,734 2654,firstone.cliente.datos.dao.VehiculoVisitaDAO,AWT-EventQueue-0] obtener VehiculoVisita :: PLACA :12345ABC
[DEBUG,2014-05-28 20:47:34,046 2966,firstone.cliente.datos.dao.VehiculoVisitaDAO,AWT-EventQueue-0] obtener VehiculoVisita :: PLACA :12345ABCD
[DEBUG,2014-05-28 20:47:34,326 3246,firstone.cliente.datos.dao.VehiculoVisitaDAO,AWT-EventQueue-0] obtener VehiculoVisita :: PLACA :12345ABCDE
[DEBUG,2014-05-28 20:47:36,608 5528,firstone.cliente.datos.dao.VehiculoVisitaDAO,AWT-EventQueue-0] obtener VehiculoVisita :: PLACA :12345ABCDE
[INFO ,2014-05-28 21:11:17,718 0,firstone.cliente.datos.dao.VisitaDAO,AWT-EventQueue-0] obtener Visita :: CI :123
[INFO ,2014-05-28 21:11:17,880 162,firstone.cliente.datos.dao.VisitaDAO,AWT-EventQueue-0] obtener Visita :: CI :123
[INFO ,2014-05-28 21:11:17,897 179,firstone.cliente.datos.dao.VisitaDAO,AWT-EventQueue-0] obtener Visita :: CI :123
[INFO ,2014-05-28 21:11:18,205 487,firstone.cliente.datos.dao.VisitaDAO,AWT-EventQueue-0] obtener Visita :: CI :1234
[INFO ,2014-05-28 21:11:18,949 1231,firstone.cliente.datos.dao.VisitaDAO,AWT-EventQueue-0] obtener Visita :: CI :12345
[INFO ,2014-05-28 21:11:22,661 4943,firstone.cliente.datos.dao.VisitaDAO,AWT-EventQueue-0] obtener Visita :: CI :123456
[DEBUG,2014-05-28 21:11:25,879 8161,firstone.cliente.datos.dao.VehiculoVisitaDAO,AWT-EventQueue-0] obtener VehiculoVisita :: PLACA :12
[DEBUG,2014-05-28 21:11:26,045 8327,firstone.cliente.datos.dao.VehiculoVisitaDAO,AWT-EventQueue-0] obtener VehiculoVisita :: PLACA :1234
[DEBUG,2014-05-28 21:11:26,084 8366,firstone.cliente.datos.dao.VehiculoVisitaDAO,AWT-EventQueue-0] obtener VehiculoVisita :: PLACA :1234
[DEBUG,2014-05-28 21:11:26,181 8463,firstone.cliente.datos.dao.VehiculoVisitaDAO,AWT-EventQueue-0] obtener VehiculoVisita :: PLACA :1234
[DEBUG,2014-05-28 21:11:26,492 8774,firstone.cliente.datos.dao.VehiculoVisitaDAO,AWT-EventQueue-0] obtener VehiculoVisita :: PLACA :12345
[DEBUG,2014-05-28 21:11:27,141 9423,firstone.cliente.datos.dao.VehiculoVisitaDAO,AWT-EventQueue-0] obtener VehiculoVisita :: PLACA :12345
[DEBUG,2014-05-28 21:11:27,485 9767,firstone.cliente.datos.dao.VehiculoVisitaDAO,AWT-EventQueue-0] obtener VehiculoVisita :: PLACA :12345A
[DEBUG,2014-05-28 21:11:28,470 10752,firstone.cliente.datos.dao.VehiculoVisitaDAO,AWT-EventQueue-0] obtener VehiculoVisita :: PLACA :12345AB
[DEBUG,2014-05-28 21:11:29,509 11791,firstone.cliente.datos.dao.VehiculoVisitaDAO,AWT-EventQueue-0] obtener VehiculoVisita :: PLACA :12345ABC
[DEBUG,2014-05-28 21:11:29,724 12006,firstone.cliente.datos.dao.VehiculoVisitaDAO,AWT-EventQueue-0] obtener VehiculoVisita :: PLACA :12345ABCD
[DEBUG,2014-05-28 21:11:29,972 12254,firstone.cliente.datos.dao.VehiculoVisitaDAO,AWT-EventQueue-0] obtener VehiculoVisita :: PLACA :12345ABCDE
[DEBUG,2014-05-28 21:11:30,846 13128,firstone.cliente.datos.dao.VehiculoVisitaDAO,AWT-EventQueue-0] obtener VehiculoVisita :: PLACA :12345ABCDE
[DEBUG,2014-05-28 21:11:32,257 14539,firstone.cliente.datos.dao.VisitaDAO,AWT-EventQueue-0] Validando valores de Visita :: CI 123456
[DEBUG,2014-05-28 21:11:32,259 14541,firstone.cliente.datos.dao.VisitaDAO,AWT-EventQueue-0] Validando valores de VehiculoVisita :: PLACA 12345ABCDE
[INFO ,2014-05-28 21:11:32,259 14541,firstone.cliente.datos.dao.VehiculoVisitaDAO,AWT-EventQueue-0] Guardar VehiculoVisita :: PLACA :12345ABCDE
[ERROR,2014-05-28 21:11:32,366 14648,firstone.cliente.datos.dao.VehiculoVisitaDAO,AWT-EventQueue-0] Error al realizar la insercion en la base de datos
org.postgresql.util.PSQLException: ERROR: llave duplicada viola restricción de unicidad «pk_vehiculo_visita»
  Detail: Ya existe la llave (placa)=(12345ABCDE).
	at org.postgresql.core.v3.QueryExecutorImpl.receiveErrorResponse(QueryExecutorImpl.java:2077)
	at org.postgresql.core.v3.QueryExecutorImpl.processResults(QueryExecutorImpl.java:1810)
	at org.postgresql.core.v3.QueryExecutorImpl.execute(QueryExecutorImpl.java:257)
	at org.postgresql.jdbc2.AbstractJdbc2Statement.execute(AbstractJdbc2Statement.java:498)
	at org.postgresql.jdbc2.AbstractJdbc2Statement.executeWithFlags(AbstractJdbc2Statement.java:386)
	at org.postgresql.jdbc2.AbstractJdbc2Statement.execute(AbstractJdbc2Statement.java:379)
	at firstone.cliente.datos.dao.VehiculoVisitaDAO.insert(VehiculoVisitaDAO.java:96)
	at firstone.cliente.negocio.VehiculoVisitaNegocio.registrarVehiculoVisita(VehiculoVisitaNegocio.java:33)
	at firstone.cliente.presentacion.Main.jButton6ActionPerformed(Main.java:722)
	at firstone.cliente.presentacion.Main.access$200(Main.java:24)
	at firstone.cliente.presentacion.Main$5.actionPerformed(Main.java:459)
	at javax.swing.AbstractButton.fireActionPerformed(AbstractButton.java:2018)
	at javax.swing.AbstractButton$Handler.actionPerformed(AbstractButton.java:2341)
	at javax.swing.DefaultButtonModel.fireActionPerformed(DefaultButtonModel.java:402)
	at javax.swing.DefaultButtonModel.setPressed(DefaultButtonModel.java:259)
	at javax.swing.plaf.basic.BasicButtonListener.mouseReleased(BasicButtonListener.java:252)
	at java.awt.Component.processMouseEvent(Component.java:6505)
	at javax.swing.JComponent.processMouseEvent(JComponent.java:3321)
	at java.awt.Component.processEvent(Component.java:6270)
	at java.awt.Container.processEvent(Container.java:2229)
	at java.awt.Component.dispatchEventImpl(Component.java:4861)
	at java.awt.Container.dispatchEventImpl(Container.java:2287)
	at java.awt.Component.dispatchEvent(Component.java:4687)
	at java.awt.LightweightDispatcher.retargetMouseEvent(Container.java:4832)
	at java.awt.LightweightDispatcher.processMouseEvent(Container.java:4492)
	at java.awt.LightweightDispatcher.dispatchEvent(Container.java:4422)
	at java.awt.Container.dispatchEventImpl(Container.java:2273)
	at java.awt.Window.dispatchEventImpl(Window.java:2713)
	at java.awt.Component.dispatchEvent(Component.java:4687)
	at java.awt.EventQueue.dispatchEventImpl(EventQueue.java:707)
	at java.awt.EventQueue.access$000(EventQueue.java:101)
	at java.awt.EventQueue$3.run(EventQueue.java:666)
	at java.awt.EventQueue$3.run(EventQueue.java:664)
	at java.security.AccessController.doPrivileged(Native Method)
	at java.security.ProtectionDomain$1.doIntersectionPrivilege(ProtectionDomain.java:76)
	at java.security.ProtectionDomain$1.doIntersectionPrivilege(ProtectionDomain.java:87)
	at java.awt.EventQueue$4.run(EventQueue.java:680)
	at java.awt.EventQueue$4.run(EventQueue.java:678)
	at java.security.AccessController.doPrivileged(Native Method)
	at java.security.ProtectionDomain$1.doIntersectionPrivilege(ProtectionDomain.java:76)
	at java.awt.EventQueue.dispatchEvent(EventQueue.java:677)
	at java.awt.EventDispatchThread.pumpOneEventForFilters(EventDispatchThread.java:211)
	at java.awt.EventDispatchThread.pumpEventsForFilter(EventDispatchThread.java:128)
	at java.awt.EventDispatchThread.pumpEventsForHierarchy(EventDispatchThread.java:117)
	at java.awt.EventDispatchThread.pumpEvents(EventDispatchThread.java:113)
	at java.awt.EventDispatchThread.pumpEvents(EventDispatchThread.java:105)
	at java.awt.EventDispatchThread.run(EventDispatchThread.java:90)
[INFO ,2014-05-28 21:11:32,368 14650,firstone.cliente.datos.dao.VisitaDAO,AWT-EventQueue-0] Guardar visita :: CI 123456
[ERROR,2014-05-28 21:11:32,401 14683,firstone.cliente.datos.dao.VisitaDAO,AWT-EventQueue-0] Error al realizar la insercion en la base de datos
org.postgresql.util.PSQLException: ERROR: llave duplicada viola restricción de unicidad «pk_visita»
  Detail: Ya existe la llave (ci)=(123456).
	at org.postgresql.core.v3.QueryExecutorImpl.receiveErrorResponse(QueryExecutorImpl.java:2077)
	at org.postgresql.core.v3.QueryExecutorImpl.processResults(QueryExecutorImpl.java:1810)
	at org.postgresql.core.v3.QueryExecutorImpl.execute(QueryExecutorImpl.java:257)
	at org.postgresql.jdbc2.AbstractJdbc2Statement.execute(AbstractJdbc2Statement.java:498)
	at org.postgresql.jdbc2.AbstractJdbc2Statement.executeWithFlags(AbstractJdbc2Statement.java:386)
	at org.postgresql.jdbc2.AbstractJdbc2Statement.execute(AbstractJdbc2Statement.java:379)
	at firstone.cliente.datos.dao.VisitaDAO.insert(VisitaDAO.java:97)
	at firstone.cliente.negocio.VisitaNegocio.registrarVisita(VisitaNegocio.java:31)
	at firstone.cliente.presentacion.Main.jButton6ActionPerformed(Main.java:723)
	at firstone.cliente.presentacion.Main.access$200(Main.java:24)
	at firstone.cliente.presentacion.Main$5.actionPerformed(Main.java:459)
	at javax.swing.AbstractButton.fireActionPerformed(AbstractButton.java:2018)
	at javax.swing.AbstractButton$Handler.actionPerformed(AbstractButton.java:2341)
	at javax.swing.DefaultButtonModel.fireActionPerformed(DefaultButtonModel.java:402)
	at javax.swing.DefaultButtonModel.setPressed(DefaultButtonModel.java:259)
	at javax.swing.plaf.basic.BasicButtonListener.mouseReleased(BasicButtonListener.java:252)
	at java.awt.Component.processMouseEvent(Component.java:6505)
	at javax.swing.JComponent.processMouseEvent(JComponent.java:3321)
	at java.awt.Component.processEvent(Component.java:6270)
	at java.awt.Container.processEvent(Container.java:2229)
	at java.awt.Component.dispatchEventImpl(Component.java:4861)
	at java.awt.Container.dispatchEventImpl(Container.java:2287)
	at java.awt.Component.dispatchEvent(Component.java:4687)
	at java.awt.LightweightDispatcher.retargetMouseEvent(Container.java:4832)
	at java.awt.LightweightDispatcher.processMouseEvent(Container.java:4492)
	at java.awt.LightweightDispatcher.dispatchEvent(Container.java:4422)
	at java.awt.Container.dispatchEventImpl(Container.java:2273)
	at java.awt.Window.dispatchEventImpl(Window.java:2713)
	at java.awt.Component.dispatchEvent(Component.java:4687)
	at java.awt.EventQueue.dispatchEventImpl(EventQueue.java:707)
	at java.awt.EventQueue.access$000(EventQueue.java:101)
	at java.awt.EventQueue$3.run(EventQueue.java:666)
	at java.awt.EventQueue$3.run(EventQueue.java:664)
	at java.security.AccessController.doPrivileged(Native Method)
	at java.security.ProtectionDomain$1.doIntersectionPrivilege(ProtectionDomain.java:76)
	at java.security.ProtectionDomain$1.doIntersectionPrivilege(ProtectionDomain.java:87)
	at java.awt.EventQueue$4.run(EventQueue.java:680)
	at java.awt.EventQueue$4.run(EventQueue.java:678)
	at java.security.AccessController.doPrivileged(Native Method)
	at java.security.ProtectionDomain$1.doIntersectionPrivilege(ProtectionDomain.java:76)
	at java.awt.EventQueue.dispatchEvent(EventQueue.java:677)
	at java.awt.EventDispatchThread.pumpOneEventForFilters(EventDispatchThread.java:211)
	at java.awt.EventDispatchThread.pumpEventsForFilter(EventDispatchThread.java:128)
	at java.awt.EventDispatchThread.pumpEventsForHierarchy(EventDispatchThread.java:117)
	at java.awt.EventDispatchThread.pumpEvents(EventDispatchThread.java:113)
	at java.awt.EventDispatchThread.pumpEvents(EventDispatchThread.java:105)
	at java.awt.EventDispatchThread.run(EventDispatchThread.java:90)
[INFO ,2014-05-28 21:11:32,402 14684,firstone.cliente.datos.dao.VisitaVehiculoDAO,AWT-EventQueue-0] verificar Relacion :: CI :123456 :: PLACA :12345ABCDE
[INFO ,2014-05-28 21:11:32,423 14705,firstone.cliente.datos.dao.VisitaVehiculoDAO,AWT-EventQueue-0] Guardar Relacion Vehiculo - Visita :: CI :123456 :: PLACA :12345ABCDE
[INFO ,2014-05-28 21:15:20,621 0,firstone.cliente.datos.dao.VisitaDAO,AWT-EventQueue-0] obtener Visita :: CI :12
[INFO ,2014-05-28 21:15:20,764 143,firstone.cliente.datos.dao.VisitaDAO,AWT-EventQueue-0] obtener Visita :: CI :123
[INFO ,2014-05-28 21:15:20,891 270,firstone.cliente.datos.dao.VisitaDAO,AWT-EventQueue-0] obtener Visita :: CI :123
[INFO ,2014-05-28 21:15:21,411 790,firstone.cliente.datos.dao.VisitaDAO,AWT-EventQueue-0] obtener Visita :: CI :1234
[INFO ,2014-05-28 21:15:21,811 1190,firstone.cliente.datos.dao.VisitaDAO,AWT-EventQueue-0] obtener Visita :: CI :12345
[INFO ,2014-05-28 21:15:22,163 1542,firstone.cliente.datos.dao.VisitaDAO,AWT-EventQueue-0] obtener Visita :: CI :123456
[INFO ,2014-05-28 21:15:23,299 2678,firstone.cliente.datos.dao.VisitaDAO,AWT-EventQueue-0] obtener Visita :: CI :1234567
[INFO ,2014-05-28 21:15:24,899 4278,firstone.cliente.datos.dao.VisitaDAO,AWT-EventQueue-0] obtener Visita :: CI :123456
[ERROR,2014-05-28 22:24:37,758 1,firstone.cliente.datos.dao.PropietarioDAO,AWT-EventQueue-0] Error al consultar a la base de datos
org.postgresql.util.PSQLException: El índice de la columna está fuera de rango: 1, número de columnas: 0.
	at org.postgresql.core.v3.SimpleParameterList.bind(SimpleParameterList.java:53)
	at org.postgresql.core.v3.SimpleParameterList.setStringParameter(SimpleParameterList.java:118)
	at org.postgresql.jdbc2.AbstractJdbc2Statement.bindString(AbstractJdbc2Statement.java:2172)
	at org.postgresql.jdbc2.AbstractJdbc2Statement.setString(AbstractJdbc2Statement.java:1293)
	at org.postgresql.jdbc2.AbstractJdbc2Statement.setString(AbstractJdbc2Statement.java:1279)
	at firstone.cliente.datos.dao.PropietarioDAO.buscarPorNombreOApellido(PropietarioDAO.java:41)
	at firstone.cliente.negocio.PropietarioNegocio.buscarPropietarioPorNombreOApellido(PropietarioNegocio.java:33)
	at firstone.cliente.presentacion.Main.onKeyReleasedPropietarioVisitas(Main.java:770)
	at firstone.cliente.presentacion.Main.access$000(Main.java:27)
	at firstone.cliente.presentacion.Main$2.keyReleased(Main.java:352)
	at java.awt.Component.processKeyEvent(Component.java:6466)
	at javax.swing.JComponent.processKeyEvent(JComponent.java:2829)
	at java.awt.Component.processEvent(Component.java:6282)
	at java.awt.Container.processEvent(Container.java:2229)
	at java.awt.Component.dispatchEventImpl(Component.java:4861)
	at java.awt.Container.dispatchEventImpl(Container.java:2287)
	at java.awt.Component.dispatchEvent(Component.java:4687)
	at java.awt.KeyboardFocusManager.redispatchEvent(KeyboardFocusManager.java:1890)
	at java.awt.DefaultKeyboardFocusManager.dispatchKeyEvent(DefaultKeyboardFocusManager.java:752)
	at java.awt.DefaultKeyboardFocusManager.preDispatchKeyEvent(DefaultKeyboardFocusManager.java:1017)
	at java.awt.DefaultKeyboardFocusManager.typeAheadAssertions(DefaultKeyboardFocusManager.java:889)
	at java.awt.DefaultKeyboardFocusManager.dispatchEvent(DefaultKeyboardFocusManager.java:717)
	at java.awt.Component.dispatchEventImpl(Component.java:4731)
	at java.awt.Container.dispatchEventImpl(Container.java:2287)
	at java.awt.Window.dispatchEventImpl(Window.java:2713)
	at java.awt.Component.dispatchEvent(Component.java:4687)
	at java.awt.EventQueue.dispatchEventImpl(EventQueue.java:707)
	at java.awt.EventQueue.access$000(EventQueue.java:101)
	at java.awt.EventQueue$3.run(EventQueue.java:666)
	at java.awt.EventQueue$3.run(EventQueue.java:664)
	at java.security.AccessController.doPrivileged(Native Method)
	at java.security.ProtectionDomain$1.doIntersectionPrivilege(ProtectionDomain.java:76)
	at java.security.ProtectionDomain$1.doIntersectionPrivilege(ProtectionDomain.java:87)
	at java.awt.EventQueue$4.run(EventQueue.java:680)
	at java.awt.EventQueue$4.run(EventQueue.java:678)
	at java.security.AccessController.doPrivileged(Native Method)
	at java.security.ProtectionDomain$1.doIntersectionPrivilege(ProtectionDomain.java:76)
	at java.awt.EventQueue.dispatchEvent(EventQueue.java:677)
	at java.awt.EventDispatchThread.pumpOneEventForFilters(EventDispatchThread.java:211)
	at java.awt.EventDispatchThread.pumpEventsForFilter(EventDispatchThread.java:128)
	at java.awt.EventDispatchThread.pumpEventsForHierarchy(EventDispatchThread.java:117)
	at java.awt.EventDispatchThread.pumpEvents(EventDispatchThread.java:113)
	at java.awt.EventDispatchThread.pumpEvents(EventDispatchThread.java:105)
	at java.awt.EventDispatchThread.run(EventDispatchThread.java:90)
[ERROR,2014-05-28 22:24:37,778 21,firstone.cliente.datos.dao.PropietarioDAO,AWT-EventQueue-0] Error al consultar a la base de datos
org.postgresql.util.PSQLException: El índice de la columna está fuera de rango: 1, número de columnas: 0.
	at org.postgresql.core.v3.SimpleParameterList.bind(SimpleParameterList.java:53)
	at org.postgresql.core.v3.SimpleParameterList.setStringParameter(SimpleParameterList.java:118)
	at org.postgresql.jdbc2.AbstractJdbc2Statement.bindString(AbstractJdbc2Statement.java:2172)
	at org.postgresql.jdbc2.AbstractJdbc2Statement.setString(AbstractJdbc2Statement.java:1293)
	at org.postgresql.jdbc2.AbstractJdbc2Statement.setString(AbstractJdbc2Statement.java:1279)
	at firstone.cliente.datos.dao.PropietarioDAO.buscarPorNombreOApellido(PropietarioDAO.java:41)
	at firstone.cliente.negocio.PropietarioNegocio.buscarPropietarioPorNombreOApellido(PropietarioNegocio.java:33)
	at firstone.cliente.presentacion.Main.onKeyReleasedPropietarioVisitas(Main.java:770)
	at firstone.cliente.presentacion.Main.access$000(Main.java:27)
	at firstone.cliente.presentacion.Main$2.keyReleased(Main.java:352)
	at java.awt.Component.processKeyEvent(Component.java:6466)
	at javax.swing.JComponent.processKeyEvent(JComponent.java:2829)
	at java.awt.Component.processEvent(Component.java:6282)
	at java.awt.Container.processEvent(Container.java:2229)
	at java.awt.Component.dispatchEventImpl(Component.java:4861)
	at java.awt.Container.dispatchEventImpl(Container.java:2287)
	at java.awt.Component.dispatchEvent(Component.java:4687)
	at java.awt.KeyboardFocusManager.redispatchEvent(KeyboardFocusManager.java:1890)
	at java.awt.DefaultKeyboardFocusManager.dispatchKeyEvent(DefaultKeyboardFocusManager.java:752)
	at java.awt.DefaultKeyboardFocusManager.preDispatchKeyEvent(DefaultKeyboardFocusManager.java:1017)
	at java.awt.DefaultKeyboardFocusManager.typeAheadAssertions(DefaultKeyboardFocusManager.java:889)
	at java.awt.DefaultKeyboardFocusManager.dispatchEvent(DefaultKeyboardFocusManager.java:717)
	at java.awt.Component.dispatchEventImpl(Component.java:4731)
	at java.awt.Container.dispatchEventImpl(Container.java:2287)
	at java.awt.Window.dispatchEventImpl(Window.java:2713)
	at java.awt.Component.dispatchEvent(Component.java:4687)
	at java.awt.EventQueue.dispatchEventImpl(EventQueue.java:707)
	at java.awt.EventQueue.access$000(EventQueue.java:101)
	at java.awt.EventQueue$3.run(EventQueue.java:666)
	at java.awt.EventQueue$3.run(EventQueue.java:664)
	at java.security.AccessController.doPrivileged(Native Method)
	at java.security.ProtectionDomain$1.doIntersectionPrivilege(ProtectionDomain.java:76)
	at java.security.ProtectionDomain$1.doIntersectionPrivilege(ProtectionDomain.java:87)
	at java.awt.EventQueue$4.run(EventQueue.java:680)
	at java.awt.EventQueue$4.run(EventQueue.java:678)
	at java.security.AccessController.doPrivileged(Native Method)
	at java.security.ProtectionDomain$1.doIntersectionPrivilege(ProtectionDomain.java:76)
	at java.awt.EventQueue.dispatchEvent(EventQueue.java:677)
	at java.awt.EventDispatchThread.pumpOneEventForFilters(EventDispatchThread.java:211)
	at java.awt.EventDispatchThread.pumpEventsForFilter(EventDispatchThread.java:128)
	at java.awt.EventDispatchThread.pumpEventsForHierarchy(EventDispatchThread.java:117)
	at java.awt.EventDispatchThread.pumpEvents(EventDispatchThread.java:113)
	at java.awt.EventDispatchThread.pumpEvents(EventDispatchThread.java:105)
	at java.awt.EventDispatchThread.run(EventDispatchThread.java:90)
[ERROR,2014-05-28 22:24:40,761 3004,firstone.cliente.datos.dao.PropietarioDAO,AWT-EventQueue-0] Error al consultar a la base de datos
org.postgresql.util.PSQLException: El índice de la columna está fuera de rango: 1, número de columnas: 0.
	at org.postgresql.core.v3.SimpleParameterList.bind(SimpleParameterList.java:53)
	at org.postgresql.core.v3.SimpleParameterList.setStringParameter(SimpleParameterList.java:118)
	at org.postgresql.jdbc2.AbstractJdbc2Statement.bindString(AbstractJdbc2Statement.java:2172)
	at org.postgresql.jdbc2.AbstractJdbc2Statement.setString(AbstractJdbc2Statement.java:1293)
	at org.postgresql.jdbc2.AbstractJdbc2Statement.setString(AbstractJdbc2Statement.java:1279)
	at firstone.cliente.datos.dao.PropietarioDAO.buscarPorNombreOApellido(PropietarioDAO.java:41)
	at firstone.cliente.negocio.PropietarioNegocio.buscarPropietarioPorNombreOApellido(PropietarioNegocio.java:33)
	at firstone.cliente.presentacion.Main.onKeyReleasedPropietarioVisitas(Main.java:770)
	at firstone.cliente.presentacion.Main.access$000(Main.java:27)
	at firstone.cliente.presentacion.Main$2.keyReleased(Main.java:352)
	at java.awt.Component.processKeyEvent(Component.java:6466)
	at javax.swing.JComponent.processKeyEvent(JComponent.java:2829)
	at java.awt.Component.processEvent(Component.java:6282)
	at java.awt.Container.processEvent(Container.java:2229)
	at java.awt.Component.dispatchEventImpl(Component.java:4861)
	at java.awt.Container.dispatchEventImpl(Container.java:2287)
	at java.awt.Component.dispatchEvent(Component.java:4687)
	at java.awt.KeyboardFocusManager.redispatchEvent(KeyboardFocusManager.java:1890)
	at java.awt.DefaultKeyboardFocusManager.dispatchKeyEvent(DefaultKeyboardFocusManager.java:752)
	at java.awt.DefaultKeyboardFocusManager.preDispatchKeyEvent(DefaultKeyboardFocusManager.java:1017)
	at java.awt.DefaultKeyboardFocusManager.typeAheadAssertions(DefaultKeyboardFocusManager.java:889)
	at java.awt.DefaultKeyboardFocusManager.dispatchEvent(DefaultKeyboardFocusManager.java:717)
	at java.awt.Component.dispatchEventImpl(Component.java:4731)
	at java.awt.Container.dispatchEventImpl(Container.java:2287)
	at java.awt.Window.dispatchEventImpl(Window.java:2713)
	at java.awt.Component.dispatchEvent(Component.java:4687)
	at java.awt.EventQueue.dispatchEventImpl(EventQueue.java:707)
	at java.awt.EventQueue.access$000(EventQueue.java:101)
	at java.awt.EventQueue$3.run(EventQueue.java:666)
	at java.awt.EventQueue$3.run(EventQueue.java:664)
	at java.security.AccessController.doPrivileged(Native Method)
	at java.security.ProtectionDomain$1.doIntersectionPrivilege(ProtectionDomain.java:76)
	at java.security.ProtectionDomain$1.doIntersectionPrivilege(ProtectionDomain.java:87)
	at java.awt.EventQueue$4.run(EventQueue.java:680)
	at java.awt.EventQueue$4.run(EventQueue.java:678)
	at java.security.AccessController.doPrivileged(Native Method)
	at java.security.ProtectionDomain$1.doIntersectionPrivilege(ProtectionDomain.java:76)
	at java.awt.EventQueue.dispatchEvent(EventQueue.java:677)
	at java.awt.EventDispatchThread.pumpOneEventForFilters(EventDispatchThread.java:211)
	at java.awt.EventDispatchThread.pumpEventsForFilter(EventDispatchThread.java:128)
	at java.awt.EventDispatchThread.pumpEventsForHierarchy(EventDispatchThread.java:117)
	at java.awt.EventDispatchThread.pumpEvents(EventDispatchThread.java:113)
	at java.awt.EventDispatchThread.pumpEvents(EventDispatchThread.java:105)
	at java.awt.EventDispatchThread.run(EventDispatchThread.java:90)
[ERROR,2014-05-28 22:24:41,377 3620,firstone.cliente.datos.dao.PropietarioDAO,AWT-EventQueue-0] Error al consultar a la base de datos
org.postgresql.util.PSQLException: El índice de la columna está fuera de rango: 1, número de columnas: 0.
	at org.postgresql.core.v3.SimpleParameterList.bind(SimpleParameterList.java:53)
	at org.postgresql.core.v3.SimpleParameterList.setStringParameter(SimpleParameterList.java:118)
	at org.postgresql.jdbc2.AbstractJdbc2Statement.bindString(AbstractJdbc2Statement.java:2172)
	at org.postgresql.jdbc2.AbstractJdbc2Statement.setString(AbstractJdbc2Statement.java:1293)
	at org.postgresql.jdbc2.AbstractJdbc2Statement.setString(AbstractJdbc2Statement.java:1279)
	at firstone.cliente.datos.dao.PropietarioDAO.buscarPorNombreOApellido(PropietarioDAO.java:41)
	at firstone.cliente.negocio.PropietarioNegocio.buscarPropietarioPorNombreOApellido(PropietarioNegocio.java:33)
	at firstone.cliente.presentacion.Main.onKeyReleasedPropietarioVisitas(Main.java:770)
	at firstone.cliente.presentacion.Main.access$000(Main.java:27)
	at firstone.cliente.presentacion.Main$2.keyReleased(Main.java:352)
	at java.awt.Component.processKeyEvent(Component.java:6466)
	at javax.swing.JComponent.processKeyEvent(JComponent.java:2829)
	at java.awt.Component.processEvent(Component.java:6282)
	at java.awt.Container.processEvent(Container.java:2229)
	at java.awt.Component.dispatchEventImpl(Component.java:4861)
	at java.awt.Container.dispatchEventImpl(Container.java:2287)
	at java.awt.Component.dispatchEvent(Component.java:4687)
	at java.awt.KeyboardFocusManager.redispatchEvent(KeyboardFocusManager.java:1890)
	at java.awt.DefaultKeyboardFocusManager.dispatchKeyEvent(DefaultKeyboardFocusManager.java:752)
	at java.awt.DefaultKeyboardFocusManager.preDispatchKeyEvent(DefaultKeyboardFocusManager.java:1017)
	at java.awt.DefaultKeyboardFocusManager.typeAheadAssertions(DefaultKeyboardFocusManager.java:889)
	at java.awt.DefaultKeyboardFocusManager.dispatchEvent(DefaultKeyboardFocusManager.java:717)
	at java.awt.Component.dispatchEventImpl(Component.java:4731)
	at java.awt.Container.dispatchEventImpl(Container.java:2287)
	at java.awt.Window.dispatchEventImpl(Window.java:2713)
	at java.awt.Component.dispatchEvent(Component.java:4687)
	at java.awt.EventQueue.dispatchEventImpl(EventQueue.java:707)
	at java.awt.EventQueue.access$000(EventQueue.java:101)
	at java.awt.EventQueue$3.run(EventQueue.java:666)
	at java.awt.EventQueue$3.run(EventQueue.java:664)
	at java.security.AccessController.doPrivileged(Native Method)
	at java.security.ProtectionDomain$1.doIntersectionPrivilege(ProtectionDomain.java:76)
	at java.security.ProtectionDomain$1.doIntersectionPrivilege(ProtectionDomain.java:87)
	at java.awt.EventQueue$4.run(EventQueue.java:680)
	at java.awt.EventQueue$4.run(EventQueue.java:678)
	at java.security.AccessController.doPrivileged(Native Method)
	at java.security.ProtectionDomain$1.doIntersectionPrivilege(ProtectionDomain.java:76)
	at java.awt.EventQueue.dispatchEvent(EventQueue.java:677)
	at java.awt.EventDispatchThread.pumpOneEventForFilters(EventDispatchThread.java:211)
	at java.awt.EventDispatchThread.pumpEventsForFilter(EventDispatchThread.java:128)
	at java.awt.EventDispatchThread.pumpEventsForHierarchy(EventDispatchThread.java:117)
	at java.awt.EventDispatchThread.pumpEvents(EventDispatchThread.java:113)
	at java.awt.EventDispatchThread.pumpEvents(EventDispatchThread.java:105)
	at java.awt.EventDispatchThread.run(EventDispatchThread.java:90)
[ERROR,2014-05-28 22:24:41,679 3922,firstone.cliente.datos.dao.PropietarioDAO,AWT-EventQueue-0] Error al consultar a la base de datos
org.postgresql.util.PSQLException: El índice de la columna está fuera de rango: 1, número de columnas: 0.
	at org.postgresql.core.v3.SimpleParameterList.bind(SimpleParameterList.java:53)
	at org.postgresql.core.v3.SimpleParameterList.setStringParameter(SimpleParameterList.java:118)
	at org.postgresql.jdbc2.AbstractJdbc2Statement.bindString(AbstractJdbc2Statement.java:2172)
	at org.postgresql.jdbc2.AbstractJdbc2Statement.setString(AbstractJdbc2Statement.java:1293)
	at org.postgresql.jdbc2.AbstractJdbc2Statement.setString(AbstractJdbc2Statement.java:1279)
	at firstone.cliente.datos.dao.PropietarioDAO.buscarPorNombreOApellido(PropietarioDAO.java:41)
	at firstone.cliente.negocio.PropietarioNegocio.buscarPropietarioPorNombreOApellido(PropietarioNegocio.java:33)
	at firstone.cliente.presentacion.Main.onKeyReleasedPropietarioVisitas(Main.java:770)
	at firstone.cliente.presentacion.Main.access$000(Main.java:27)
	at firstone.cliente.presentacion.Main$2.keyReleased(Main.java:352)
	at java.awt.Component.processKeyEvent(Component.java:6466)
	at javax.swing.JComponent.processKeyEvent(JComponent.java:2829)
	at java.awt.Component.processEvent(Component.java:6282)
	at java.awt.Container.processEvent(Container.java:2229)
	at java.awt.Component.dispatchEventImpl(Component.java:4861)
	at java.awt.Container.dispatchEventImpl(Container.java:2287)
	at java.awt.Component.dispatchEvent(Component.java:4687)
	at java.awt.KeyboardFocusManager.redispatchEvent(KeyboardFocusManager.java:1890)
	at java.awt.DefaultKeyboardFocusManager.dispatchKeyEvent(DefaultKeyboardFocusManager.java:752)
	at java.awt.DefaultKeyboardFocusManager.preDispatchKeyEvent(DefaultKeyboardFocusManager.java:1017)
	at java.awt.DefaultKeyboardFocusManager.typeAheadAssertions(DefaultKeyboardFocusManager.java:889)
	at java.awt.DefaultKeyboardFocusManager.dispatchEvent(DefaultKeyboardFocusManager.java:717)
	at java.awt.Component.dispatchEventImpl(Component.java:4731)
	at java.awt.Container.dispatchEventImpl(Container.java:2287)
	at java.awt.Window.dispatchEventImpl(Window.java:2713)
	at java.awt.Component.dispatchEvent(Component.java:4687)
	at java.awt.EventQueue.dispatchEventImpl(EventQueue.java:707)
	at java.awt.EventQueue.access$000(EventQueue.java:101)
	at java.awt.EventQueue$3.run(EventQueue.java:666)
	at java.awt.EventQueue$3.run(EventQueue.java:664)
	at java.security.AccessController.doPrivileged(Native Method)
	at java.security.ProtectionDomain$1.doIntersectionPrivilege(ProtectionDomain.java:76)
	at java.security.ProtectionDomain$1.doIntersectionPrivilege(ProtectionDomain.java:87)
	at java.awt.EventQueue$4.run(EventQueue.java:680)
	at java.awt.EventQueue$4.run(EventQueue.java:678)
	at java.security.AccessController.doPrivileged(Native Method)
	at java.security.ProtectionDomain$1.doIntersectionPrivilege(ProtectionDomain.java:76)
	at java.awt.EventQueue.dispatchEvent(EventQueue.java:677)
	at java.awt.EventDispatchThread.pumpOneEventForFilters(EventDispatchThread.java:211)
	at java.awt.EventDispatchThread.pumpEventsForFilter(EventDispatchThread.java:128)
	at java.awt.EventDispatchThread.pumpEventsForHierarchy(EventDispatchThread.java:117)
	at java.awt.EventDispatchThread.pumpEvents(EventDispatchThread.java:113)
	at java.awt.EventDispatchThread.pumpEvents(EventDispatchThread.java:105)
	at java.awt.EventDispatchThread.run(EventDispatchThread.java:90)
[ERROR,2014-05-28 22:24:41,925 4168,firstone.cliente.datos.dao.PropietarioDAO,AWT-EventQueue-0] Error al consultar a la base de datos
org.postgresql.util.PSQLException: El índice de la columna está fuera de rango: 1, número de columnas: 0.
	at org.postgresql.core.v3.SimpleParameterList.bind(SimpleParameterList.java:53)
	at org.postgresql.core.v3.SimpleParameterList.setStringParameter(SimpleParameterList.java:118)
	at org.postgresql.jdbc2.AbstractJdbc2Statement.bindString(AbstractJdbc2Statement.java:2172)
	at org.postgresql.jdbc2.AbstractJdbc2Statement.setString(AbstractJdbc2Statement.java:1293)
	at org.postgresql.jdbc2.AbstractJdbc2Statement.setString(AbstractJdbc2Statement.java:1279)
	at firstone.cliente.datos.dao.PropietarioDAO.buscarPorNombreOApellido(PropietarioDAO.java:41)
	at firstone.cliente.negocio.PropietarioNegocio.buscarPropietarioPorNombreOApellido(PropietarioNegocio.java:33)
	at firstone.cliente.presentacion.Main.onKeyReleasedPropietarioVisitas(Main.java:770)
	at firstone.cliente.presentacion.Main.access$000(Main.java:27)
	at firstone.cliente.presentacion.Main$2.keyReleased(Main.java:352)
	at java.awt.Component.processKeyEvent(Component.java:6466)
	at javax.swing.JComponent.processKeyEvent(JComponent.java:2829)
	at java.awt.Component.processEvent(Component.java:6282)
	at java.awt.Container.processEvent(Container.java:2229)
	at java.awt.Component.dispatchEventImpl(Component.java:4861)
	at java.awt.Container.dispatchEventImpl(Container.java:2287)
	at java.awt.Component.dispatchEvent(Component.java:4687)
	at java.awt.KeyboardFocusManager.redispatchEvent(KeyboardFocusManager.java:1890)
	at java.awt.DefaultKeyboardFocusManager.dispatchKeyEvent(DefaultKeyboardFocusManager.java:752)
	at java.awt.DefaultKeyboardFocusManager.preDispatchKeyEvent(DefaultKeyboardFocusManager.java:1017)
	at java.awt.DefaultKeyboardFocusManager.typeAheadAssertions(DefaultKeyboardFocusManager.java:889)
	at java.awt.DefaultKeyboardFocusManager.dispatchEvent(DefaultKeyboardFocusManager.java:717)
	at java.awt.Component.dispatchEventImpl(Component.java:4731)
	at java.awt.Container.dispatchEventImpl(Container.java:2287)
	at java.awt.Window.dispatchEventImpl(Window.java:2713)
	at java.awt.Component.dispatchEvent(Component.java:4687)
	at java.awt.EventQueue.dispatchEventImpl(EventQueue.java:707)
	at java.awt.EventQueue.access$000(EventQueue.java:101)
	at java.awt.EventQueue$3.run(EventQueue.java:666)
	at java.awt.EventQueue$3.run(EventQueue.java:664)
	at java.security.AccessController.doPrivileged(Native Method)
	at java.security.ProtectionDomain$1.doIntersectionPrivilege(ProtectionDomain.java:76)
	at java.security.ProtectionDomain$1.doIntersectionPrivilege(ProtectionDomain.java:87)
	at java.awt.EventQueue$4.run(EventQueue.java:680)
	at java.awt.EventQueue$4.run(EventQueue.java:678)
	at java.security.AccessController.doPrivileged(Native Method)
	at java.security.ProtectionDomain$1.doIntersectionPrivilege(ProtectionDomain.java:76)
	at java.awt.EventQueue.dispatchEvent(EventQueue.java:677)
	at java.awt.EventDispatchThread.pumpOneEventForFilters(EventDispatchThread.java:211)
	at java.awt.EventDispatchThread.pumpEventsForFilter(EventDispatchThread.java:128)
	at java.awt.EventDispatchThread.pumpEventsForHierarchy(EventDispatchThread.java:117)
	at java.awt.EventDispatchThread.pumpEvents(EventDispatchThread.java:113)
	at java.awt.EventDispatchThread.pumpEvents(EventDispatchThread.java:105)
	at java.awt.EventDispatchThread.run(EventDispatchThread.java:90)
[ERROR,2014-05-28 22:24:42,164 4407,firstone.cliente.datos.dao.PropietarioDAO,AWT-EventQueue-0] Error al consultar a la base de datos
org.postgresql.util.PSQLException: El índice de la columna está fuera de rango: 1, número de columnas: 0.
	at org.postgresql.core.v3.SimpleParameterList.bind(SimpleParameterList.java:53)
	at org.postgresql.core.v3.SimpleParameterList.setStringParameter(SimpleParameterList.java:118)
	at org.postgresql.jdbc2.AbstractJdbc2Statement.bindString(AbstractJdbc2Statement.java:2172)
	at org.postgresql.jdbc2.AbstractJdbc2Statement.setString(AbstractJdbc2Statement.java:1293)
	at org.postgresql.jdbc2.AbstractJdbc2Statement.setString(AbstractJdbc2Statement.java:1279)
	at firstone.cliente.datos.dao.PropietarioDAO.buscarPorNombreOApellido(PropietarioDAO.java:41)
	at firstone.cliente.negocio.PropietarioNegocio.buscarPropietarioPorNombreOApellido(PropietarioNegocio.java:33)
	at firstone.cliente.presentacion.Main.onKeyReleasedPropietarioVisitas(Main.java:770)
	at firstone.cliente.presentacion.Main.access$000(Main.java:27)
	at firstone.cliente.presentacion.Main$2.keyReleased(Main.java:352)
	at java.awt.Component.processKeyEvent(Component.java:6466)
	at javax.swing.JComponent.processKeyEvent(JComponent.java:2829)
	at java.awt.Component.processEvent(Component.java:6282)
	at java.awt.Container.processEvent(Container.java:2229)
	at java.awt.Component.dispatchEventImpl(Component.java:4861)
	at java.awt.Container.dispatchEventImpl(Container.java:2287)
	at java.awt.Component.dispatchEvent(Component.java:4687)
	at java.awt.KeyboardFocusManager.redispatchEvent(KeyboardFocusManager.java:1890)
	at java.awt.DefaultKeyboardFocusManager.dispatchKeyEvent(DefaultKeyboardFocusManager.java:752)
	at java.awt.DefaultKeyboardFocusManager.preDispatchKeyEvent(DefaultKeyboardFocusManager.java:1017)
	at java.awt.DefaultKeyboardFocusManager.typeAheadAssertions(DefaultKeyboardFocusManager.java:889)
	at java.awt.DefaultKeyboardFocusManager.dispatchEvent(DefaultKeyboardFocusManager.java:717)
	at java.awt.Component.dispatchEventImpl(Component.java:4731)
	at java.awt.Container.dispatchEventImpl(Container.java:2287)
	at java.awt.Window.dispatchEventImpl(Window.java:2713)
	at java.awt.Component.dispatchEvent(Component.java:4687)
	at java.awt.EventQueue.dispatchEventImpl(EventQueue.java:707)
	at java.awt.EventQueue.access$000(EventQueue.java:101)
	at java.awt.EventQueue$3.run(EventQueue.java:666)
	at java.awt.EventQueue$3.run(EventQueue.java:664)
	at java.security.AccessController.doPrivileged(Native Method)
	at java.security.ProtectionDomain$1.doIntersectionPrivilege(ProtectionDomain.java:76)
	at java.security.ProtectionDomain$1.doIntersectionPrivilege(ProtectionDomain.java:87)
	at java.awt.EventQueue$4.run(EventQueue.java:680)
	at java.awt.EventQueue$4.run(EventQueue.java:678)
	at java.security.AccessController.doPrivileged(Native Method)
	at java.security.ProtectionDomain$1.doIntersectionPrivilege(ProtectionDomain.java:76)
	at java.awt.EventQueue.dispatchEvent(EventQueue.java:677)
	at java.awt.EventDispatchThread.pumpOneEventForFilters(EventDispatchThread.java:211)
	at java.awt.EventDispatchThread.pumpEventsForFilter(EventDispatchThread.java:128)
	at java.awt.EventDispatchThread.pumpEventsForHierarchy(EventDispatchThread.java:117)
	at java.awt.EventDispatchThread.pumpEvents(EventDispatchThread.java:113)
	at java.awt.EventDispatchThread.pumpEvents(EventDispatchThread.java:105)
	at java.awt.EventDispatchThread.run(EventDispatchThread.java:90)
[ERROR,2014-05-28 22:24:42,278 4521,firstone.cliente.datos.dao.PropietarioDAO,AWT-EventQueue-0] Error al consultar a la base de datos
org.postgresql.util.PSQLException: El índice de la columna está fuera de rango: 1, número de columnas: 0.
	at org.postgresql.core.v3.SimpleParameterList.bind(SimpleParameterList.java:53)
	at org.postgresql.core.v3.SimpleParameterList.setStringParameter(SimpleParameterList.java:118)
	at org.postgresql.jdbc2.AbstractJdbc2Statement.bindString(AbstractJdbc2Statement.java:2172)
	at org.postgresql.jdbc2.AbstractJdbc2Statement.setString(AbstractJdbc2Statement.java:1293)
	at org.postgresql.jdbc2.AbstractJdbc2Statement.setString(AbstractJdbc2Statement.java:1279)
	at firstone.cliente.datos.dao.PropietarioDAO.buscarPorNombreOApellido(PropietarioDAO.java:41)
	at firstone.cliente.negocio.PropietarioNegocio.buscarPropietarioPorNombreOApellido(PropietarioNegocio.java:33)
	at firstone.cliente.presentacion.Main.onKeyReleasedPropietarioVisitas(Main.java:770)
	at firstone.cliente.presentacion.Main.access$000(Main.java:27)
	at firstone.cliente.presentacion.Main$2.keyReleased(Main.java:352)
	at java.awt.Component.processKeyEvent(Component.java:6466)
	at javax.swing.JComponent.processKeyEvent(JComponent.java:2829)
	at java.awt.Component.processEvent(Component.java:6282)
	at java.awt.Container.processEvent(Container.java:2229)
	at java.awt.Component.dispatchEventImpl(Component.java:4861)
	at java.awt.Container.dispatchEventImpl(Container.java:2287)
	at java.awt.Component.dispatchEvent(Component.java:4687)
	at java.awt.KeyboardFocusManager.redispatchEvent(KeyboardFocusManager.java:1890)
	at java.awt.DefaultKeyboardFocusManager.dispatchKeyEvent(DefaultKeyboardFocusManager.java:752)
	at java.awt.DefaultKeyboardFocusManager.preDispatchKeyEvent(DefaultKeyboardFocusManager.java:1017)
	at java.awt.DefaultKeyboardFocusManager.typeAheadAssertions(DefaultKeyboardFocusManager.java:889)
	at java.awt.DefaultKeyboardFocusManager.dispatchEvent(DefaultKeyboardFocusManager.java:717)
	at java.awt.Component.dispatchEventImpl(Component.java:4731)
	at java.awt.Container.dispatchEventImpl(Container.java:2287)
	at java.awt.Window.dispatchEventImpl(Window.java:2713)
	at java.awt.Component.dispatchEvent(Component.java:4687)
	at java.awt.EventQueue.dispatchEventImpl(EventQueue.java:707)
	at java.awt.EventQueue.access$000(EventQueue.java:101)
	at java.awt.EventQueue$3.run(EventQueue.java:666)
	at java.awt.EventQueue$3.run(EventQueue.java:664)
	at java.security.AccessController.doPrivileged(Native Method)
	at java.security.ProtectionDomain$1.doIntersectionPrivilege(ProtectionDomain.java:76)
	at java.security.ProtectionDomain$1.doIntersectionPrivilege(ProtectionDomain.java:87)
	at java.awt.EventQueue$4.run(EventQueue.java:680)
	at java.awt.EventQueue$4.run(EventQueue.java:678)
	at java.security.AccessController.doPrivileged(Native Method)
	at java.security.ProtectionDomain$1.doIntersectionPrivilege(ProtectionDomain.java:76)
	at java.awt.EventQueue.dispatchEvent(EventQueue.java:677)
	at java.awt.EventDispatchThread.pumpOneEventForFilters(EventDispatchThread.java:211)
	at java.awt.EventDispatchThread.pumpEventsForFilter(EventDispatchThread.java:128)
	at java.awt.EventDispatchThread.pumpEventsForHierarchy(EventDispatchThread.java:117)
	at java.awt.EventDispatchThread.pumpEvents(EventDispatchThread.java:113)
	at java.awt.EventDispatchThread.pumpEvents(EventDispatchThread.java:105)
	at java.awt.EventDispatchThread.run(EventDispatchThread.java:90)
[ERROR,2014-05-28 22:24:44,165 6408,firstone.cliente.datos.dao.PropietarioDAO,AWT-EventQueue-0] Error al consultar a la base de datos
org.postgresql.util.PSQLException: El índice de la columna está fuera de rango: 1, número de columnas: 0.
	at org.postgresql.core.v3.SimpleParameterList.bind(SimpleParameterList.java:53)
	at org.postgresql.core.v3.SimpleParameterList.setStringParameter(SimpleParameterList.java:118)
	at org.postgresql.jdbc2.AbstractJdbc2Statement.bindString(AbstractJdbc2Statement.java:2172)
	at org.postgresql.jdbc2.AbstractJdbc2Statement.setString(AbstractJdbc2Statement.java:1293)
	at org.postgresql.jdbc2.AbstractJdbc2Statement.setString(AbstractJdbc2Statement.java:1279)
	at firstone.cliente.datos.dao.PropietarioDAO.buscarPorNombreOApellido(PropietarioDAO.java:41)
	at firstone.cliente.negocio.PropietarioNegocio.buscarPropietarioPorNombreOApellido(PropietarioNegocio.java:33)
	at firstone.cliente.presentacion.Main.onKeyReleasedPropietarioVisitas(Main.java:770)
	at firstone.cliente.presentacion.Main.access$000(Main.java:27)
	at firstone.cliente.presentacion.Main$2.keyReleased(Main.java:352)
	at java.awt.Component.processKeyEvent(Component.java:6466)
	at javax.swing.JComponent.processKeyEvent(JComponent.java:2829)
	at java.awt.Component.processEvent(Component.java:6282)
	at java.awt.Container.processEvent(Container.java:2229)
	at java.awt.Component.dispatchEventImpl(Component.java:4861)
	at java.awt.Container.dispatchEventImpl(Container.java:2287)
	at java.awt.Component.dispatchEvent(Component.java:4687)
	at java.awt.KeyboardFocusManager.redispatchEvent(KeyboardFocusManager.java:1890)
	at java.awt.DefaultKeyboardFocusManager.dispatchKeyEvent(DefaultKeyboardFocusManager.java:752)
	at java.awt.DefaultKeyboardFocusManager.preDispatchKeyEvent(DefaultKeyboardFocusManager.java:1017)
	at java.awt.DefaultKeyboardFocusManager.typeAheadAssertions(DefaultKeyboardFocusManager.java:889)
	at java.awt.DefaultKeyboardFocusManager.dispatchEvent(DefaultKeyboardFocusManager.java:717)
	at java.awt.Component.dispatchEventImpl(Component.java:4731)
	at java.awt.Container.dispatchEventImpl(Container.java:2287)
	at java.awt.Window.dispatchEventImpl(Window.java:2713)
	at java.awt.Component.dispatchEvent(Component.java:4687)
	at java.awt.EventQueue.dispatchEventImpl(EventQueue.java:707)
	at java.awt.EventQueue.access$000(EventQueue.java:101)
	at java.awt.EventQueue$3.run(EventQueue.java:666)
	at java.awt.EventQueue$3.run(EventQueue.java:664)
	at java.security.AccessController.doPrivileged(Native Method)
	at java.security.ProtectionDomain$1.doIntersectionPrivilege(ProtectionDomain.java:76)
	at java.security.ProtectionDomain$1.doIntersectionPrivilege(ProtectionDomain.java:87)
	at java.awt.EventQueue$4.run(EventQueue.java:680)
	at java.awt.EventQueue$4.run(EventQueue.java:678)
	at java.security.AccessController.doPrivileged(Native Method)
	at java.security.ProtectionDomain$1.doIntersectionPrivilege(ProtectionDomain.java:76)
	at java.awt.EventQueue.dispatchEvent(EventQueue.java:677)
	at java.awt.EventDispatchThread.pumpOneEventForFilters(EventDispatchThread.java:211)
	at java.awt.EventDispatchThread.pumpEventsForFilter(EventDispatchThread.java:128)
	at java.awt.EventDispatchThread.pumpEventsForHierarchy(EventDispatchThread.java:117)
	at java.awt.EventDispatchThread.pumpEvents(EventDispatchThread.java:113)
	at java.awt.EventDispatchThread.pumpEvents(EventDispatchThread.java:105)
	at java.awt.EventDispatchThread.run(EventDispatchThread.java:90)
[ERROR,2014-05-28 22:24:44,197 6440,firstone.cliente.datos.dao.PropietarioDAO,AWT-EventQueue-0] Error al consultar a la base de datos
org.postgresql.util.PSQLException: El índice de la columna está fuera de rango: 1, número de columnas: 0.
	at org.postgresql.core.v3.SimpleParameterList.bind(SimpleParameterList.java:53)
	at org.postgresql.core.v3.SimpleParameterList.setStringParameter(SimpleParameterList.java:118)
	at org.postgresql.jdbc2.AbstractJdbc2Statement.bindString(AbstractJdbc2Statement.java:2172)
	at org.postgresql.jdbc2.AbstractJdbc2Statement.setString(AbstractJdbc2Statement.java:1293)
	at org.postgresql.jdbc2.AbstractJdbc2Statement.setString(AbstractJdbc2Statement.java:1279)
	at firstone.cliente.datos.dao.PropietarioDAO.buscarPorNombreOApellido(PropietarioDAO.java:41)
	at firstone.cliente.negocio.PropietarioNegocio.buscarPropietarioPorNombreOApellido(PropietarioNegocio.java:33)
	at firstone.cliente.presentacion.Main.onKeyReleasedPropietarioVisitas(Main.java:770)
	at firstone.cliente.presentacion.Main.access$000(Main.java:27)
	at firstone.cliente.presentacion.Main$2.keyReleased(Main.java:352)
	at java.awt.Component.processKeyEvent(Component.java:6466)
	at javax.swing.JComponent.processKeyEvent(JComponent.java:2829)
	at java.awt.Component.processEvent(Component.java:6282)
	at java.awt.Container.processEvent(Container.java:2229)
	at java.awt.Component.dispatchEventImpl(Component.java:4861)
	at java.awt.Container.dispatchEventImpl(Container.java:2287)
	at java.awt.Component.dispatchEvent(Component.java:4687)
	at java.awt.KeyboardFocusManager.redispatchEvent(KeyboardFocusManager.java:1890)
	at java.awt.DefaultKeyboardFocusManager.dispatchKeyEvent(DefaultKeyboardFocusManager.java:752)
	at java.awt.DefaultKeyboardFocusManager.preDispatchKeyEvent(DefaultKeyboardFocusManager.java:1017)
	at java.awt.DefaultKeyboardFocusManager.typeAheadAssertions(DefaultKeyboardFocusManager.java:889)
	at java.awt.DefaultKeyboardFocusManager.dispatchEvent(DefaultKeyboardFocusManager.java:717)
	at java.awt.Component.dispatchEventImpl(Component.java:4731)
	at java.awt.Container.dispatchEventImpl(Container.java:2287)
	at java.awt.Window.dispatchEventImpl(Window.java:2713)
	at java.awt.Component.dispatchEvent(Component.java:4687)
	at java.awt.EventQueue.dispatchEventImpl(EventQueue.java:707)
	at java.awt.EventQueue.access$000(EventQueue.java:101)
	at java.awt.EventQueue$3.run(EventQueue.java:666)
	at java.awt.EventQueue$3.run(EventQueue.java:664)
	at java.security.AccessController.doPrivileged(Native Method)
	at java.security.ProtectionDomain$1.doIntersectionPrivilege(ProtectionDomain.java:76)
	at java.security.ProtectionDomain$1.doIntersectionPrivilege(ProtectionDomain.java:87)
	at java.awt.EventQueue$4.run(EventQueue.java:680)
	at java.awt.EventQueue$4.run(EventQueue.java:678)
	at java.security.AccessController.doPrivileged(Native Method)
	at java.security.ProtectionDomain$1.doIntersectionPrivilege(ProtectionDomain.java:76)
	at java.awt.EventQueue.dispatchEvent(EventQueue.java:677)
	at java.awt.EventDispatchThread.pumpOneEventForFilters(EventDispatchThread.java:211)
	at java.awt.EventDispatchThread.pumpEventsForFilter(EventDispatchThread.java:128)
	at java.awt.EventDispatchThread.pumpEventsForHierarchy(EventDispatchThread.java:117)
	at java.awt.EventDispatchThread.pumpEvents(EventDispatchThread.java:113)
	at java.awt.EventDispatchThread.pumpEvents(EventDispatchThread.java:105)
	at java.awt.EventDispatchThread.run(EventDispatchThread.java:90)
[ERROR,2014-05-28 22:24:44,414 6657,firstone.cliente.datos.dao.PropietarioDAO,AWT-EventQueue-0] Error al consultar a la base de datos
org.postgresql.util.PSQLException: El índice de la columna está fuera de rango: 1, número de columnas: 0.
	at org.postgresql.core.v3.SimpleParameterList.bind(SimpleParameterList.java:53)
	at org.postgresql.core.v3.SimpleParameterList.setStringParameter(SimpleParameterList.java:118)
	at org.postgresql.jdbc2.AbstractJdbc2Statement.bindString(AbstractJdbc2Statement.java:2172)
	at org.postgresql.jdbc2.AbstractJdbc2Statement.setString(AbstractJdbc2Statement.java:1293)
	at org.postgresql.jdbc2.AbstractJdbc2Statement.setString(AbstractJdbc2Statement.java:1279)
	at firstone.cliente.datos.dao.PropietarioDAO.buscarPorNombreOApellido(PropietarioDAO.java:41)
	at firstone.cliente.negocio.PropietarioNegocio.buscarPropietarioPorNombreOApellido(PropietarioNegocio.java:33)
	at firstone.cliente.presentacion.Main.onKeyReleasedPropietarioVisitas(Main.java:770)
	at firstone.cliente.presentacion.Main.access$000(Main.java:27)
	at firstone.cliente.presentacion.Main$2.keyReleased(Main.java:352)
	at java.awt.Component.processKeyEvent(Component.java:6466)
	at javax.swing.JComponent.processKeyEvent(JComponent.java:2829)
	at java.awt.Component.processEvent(Component.java:6282)
	at java.awt.Container.processEvent(Container.java:2229)
	at java.awt.Component.dispatchEventImpl(Component.java:4861)
	at java.awt.Container.dispatchEventImpl(Container.java:2287)
	at java.awt.Component.dispatchEvent(Component.java:4687)
	at java.awt.KeyboardFocusManager.redispatchEvent(KeyboardFocusManager.java:1890)
	at java.awt.DefaultKeyboardFocusManager.dispatchKeyEvent(DefaultKeyboardFocusManager.java:752)
	at java.awt.DefaultKeyboardFocusManager.preDispatchKeyEvent(DefaultKeyboardFocusManager.java:1017)
	at java.awt.DefaultKeyboardFocusManager.typeAheadAssertions(DefaultKeyboardFocusManager.java:889)
	at java.awt.DefaultKeyboardFocusManager.dispatchEvent(DefaultKeyboardFocusManager.java:717)
	at java.awt.Component.dispatchEventImpl(Component.java:4731)
	at java.awt.Container.dispatchEventImpl(Container.java:2287)
	at java.awt.Window.dispatchEventImpl(Window.java:2713)
	at java.awt.Component.dispatchEvent(Component.java:4687)
	at java.awt.EventQueue.dispatchEventImpl(EventQueue.java:707)
	at java.awt.EventQueue.access$000(EventQueue.java:101)
	at java.awt.EventQueue$3.run(EventQueue.java:666)
	at java.awt.EventQueue$3.run(EventQueue.java:664)
	at java.security.AccessController.doPrivileged(Native Method)
	at java.security.ProtectionDomain$1.doIntersectionPrivilege(ProtectionDomain.java:76)
	at java.security.ProtectionDomain$1.doIntersectionPrivilege(ProtectionDomain.java:87)
	at java.awt.EventQueue$4.run(EventQueue.java:680)
	at java.awt.EventQueue$4.run(EventQueue.java:678)
	at java.security.AccessController.doPrivileged(Native Method)
	at java.security.ProtectionDomain$1.doIntersectionPrivilege(ProtectionDomain.java:76)
	at java.awt.EventQueue.dispatchEvent(EventQueue.java:677)
	at java.awt.EventDispatchThread.pumpOneEventForFilters(EventDispatchThread.java:211)
	at java.awt.EventDispatchThread.pumpEventsForFilter(EventDispatchThread.java:128)
	at java.awt.EventDispatchThread.pumpEventsForHierarchy(EventDispatchThread.java:117)
	at java.awt.EventDispatchThread.pumpEvents(EventDispatchThread.java:113)
	at java.awt.EventDispatchThread.pumpEvents(EventDispatchThread.java:105)
	at java.awt.EventDispatchThread.run(EventDispatchThread.java:90)
[ERROR,2014-05-28 22:24:53,726 15969,firstone.cliente.datos.dao.PropietarioDAO,AWT-EventQueue-0] Error al consultar a la base de datos
org.postgresql.util.PSQLException: El índice de la columna está fuera de rango: 1, número de columnas: 0.
	at org.postgresql.core.v3.SimpleParameterList.bind(SimpleParameterList.java:53)
	at org.postgresql.core.v3.SimpleParameterList.setStringParameter(SimpleParameterList.java:118)
	at org.postgresql.jdbc2.AbstractJdbc2Statement.bindString(AbstractJdbc2Statement.java:2172)
	at org.postgresql.jdbc2.AbstractJdbc2Statement.setString(AbstractJdbc2Statement.java:1293)
	at org.postgresql.jdbc2.AbstractJdbc2Statement.setString(AbstractJdbc2Statement.java:1279)
	at firstone.cliente.datos.dao.PropietarioDAO.buscarPorNombreOApellido(PropietarioDAO.java:41)
	at firstone.cliente.negocio.PropietarioNegocio.buscarPropietarioPorNombreOApellido(PropietarioNegocio.java:33)
	at firstone.cliente.presentacion.Main.onKeyReleasedPropietarioVisitas(Main.java:770)
	at firstone.cliente.presentacion.Main.access$000(Main.java:27)
	at firstone.cliente.presentacion.Main$2.keyReleased(Main.java:352)
	at java.awt.Component.processKeyEvent(Component.java:6466)
	at javax.swing.JComponent.processKeyEvent(JComponent.java:2829)
	at java.awt.Component.processEvent(Component.java:6282)
	at java.awt.Container.processEvent(Container.java:2229)
	at java.awt.Component.dispatchEventImpl(Component.java:4861)
	at java.awt.Container.dispatchEventImpl(Container.java:2287)
	at java.awt.Component.dispatchEvent(Component.java:4687)
	at java.awt.KeyboardFocusManager.redispatchEvent(KeyboardFocusManager.java:1890)
	at java.awt.DefaultKeyboardFocusManager.dispatchKeyEvent(DefaultKeyboardFocusManager.java:752)
	at java.awt.DefaultKeyboardFocusManager.preDispatchKeyEvent(DefaultKeyboardFocusManager.java:1017)
	at java.awt.DefaultKeyboardFocusManager.typeAheadAssertions(DefaultKeyboardFocusManager.java:889)
	at java.awt.DefaultKeyboardFocusManager.dispatchEvent(DefaultKeyboardFocusManager.java:717)
	at java.awt.Component.dispatchEventImpl(Component.java:4731)
	at java.awt.Container.dispatchEventImpl(Container.java:2287)
	at java.awt.Window.dispatchEventImpl(Window.java:2713)
	at java.awt.Component.dispatchEvent(Component.java:4687)
	at java.awt.EventQueue.dispatchEventImpl(EventQueue.java:707)
	at java.awt.EventQueue.access$000(EventQueue.java:101)
	at java.awt.EventQueue$3.run(EventQueue.java:666)
	at java.awt.EventQueue$3.run(EventQueue.java:664)
	at java.security.AccessController.doPrivileged(Native Method)
	at java.security.ProtectionDomain$1.doIntersectionPrivilege(ProtectionDomain.java:76)
	at java.security.ProtectionDomain$1.doIntersectionPrivilege(ProtectionDomain.java:87)
	at java.awt.EventQueue$4.run(EventQueue.java:680)
	at java.awt.EventQueue$4.run(EventQueue.java:678)
	at java.security.AccessController.doPrivileged(Native Method)
	at java.security.ProtectionDomain$1.doIntersectionPrivilege(ProtectionDomain.java:76)
	at java.awt.EventQueue.dispatchEvent(EventQueue.java:677)
	at java.awt.EventDispatchThread.pumpOneEventForFilters(EventDispatchThread.java:211)
	at java.awt.EventDispatchThread.pumpEventsForFilter(EventDispatchThread.java:128)
	at java.awt.EventDispatchThread.pumpEventsForHierarchy(EventDispatchThread.java:117)
	at java.awt.EventDispatchThread.pumpEvents(EventDispatchThread.java:113)
	at java.awt.EventDispatchThread.pumpEvents(EventDispatchThread.java:105)
	at java.awt.EventDispatchThread.run(EventDispatchThread.java:90)
[INFO ,2014-05-29 00:27:51,398 0,firstone.cliente.datos.dao.VehiculoDAO,AWT-EventQueue-0] obtener Vehiculo :: RFID :14
[INFO ,2014-05-29 00:27:51,539 141,firstone.cliente.datos.dao.PropietarioDAO,AWT-EventQueue-0] obtener Propietarios :: PLACA :456OAB
[ERROR,2014-05-29 00:27:51,569 171,firstone.cliente.datos.dao.PropietarioDAO,AWT-EventQueue-0] Error al consultar a la base de datos
org.postgresql.util.PSQLException: This ResultSet is closed.
	at org.postgresql.jdbc2.AbstractJdbc2ResultSet.checkClosed(AbstractJdbc2ResultSet.java:2674)
	at org.postgresql.jdbc2.AbstractJdbc2ResultSet.next(AbstractJdbc2ResultSet.java:1806)
	at firstone.cliente.datos.dao.PropietarioDAO.obtenerPropietarios(PropietarioDAO.java:127)
	at firstone.cliente.negocio.PropietarioNegocio.obtenerPropietarios(PropietarioNegocio.java:38)
	at firstone.cliente.presentacion.Main.registrarIngresoSalidaVehiculo(Main.java:952)
	at firstone.cliente.presentacion.Main.jButton7ActionPerformed(Main.java:831)
	at firstone.cliente.presentacion.Main.access$000(Main.java:32)
	at firstone.cliente.presentacion.Main$1.actionPerformed(Main.java:178)
	at javax.swing.AbstractButton.fireActionPerformed(AbstractButton.java:2018)
	at javax.swing.AbstractButton$Handler.actionPerformed(AbstractButton.java:2341)
	at javax.swing.DefaultButtonModel.fireActionPerformed(DefaultButtonModel.java:402)
	at javax.swing.DefaultButtonModel.setPressed(DefaultButtonModel.java:259)
	at javax.swing.plaf.basic.BasicButtonListener.mouseReleased(BasicButtonListener.java:252)
	at java.awt.Component.processMouseEvent(Component.java:6505)
	at javax.swing.JComponent.processMouseEvent(JComponent.java:3321)
	at java.awt.Component.processEvent(Component.java:6270)
	at java.awt.Container.processEvent(Container.java:2229)
	at java.awt.Component.dispatchEventImpl(Component.java:4861)
	at java.awt.Container.dispatchEventImpl(Container.java:2287)
	at java.awt.Component.dispatchEvent(Component.java:4687)
	at java.awt.LightweightDispatcher.retargetMouseEvent(Container.java:4832)
	at java.awt.LightweightDispatcher.processMouseEvent(Container.java:4492)
	at java.awt.LightweightDispatcher.dispatchEvent(Container.java:4422)
	at java.awt.Container.dispatchEventImpl(Container.java:2273)
	at java.awt.Window.dispatchEventImpl(Window.java:2713)
	at java.awt.Component.dispatchEvent(Component.java:4687)
	at java.awt.EventQueue.dispatchEventImpl(EventQueue.java:707)
	at java.awt.EventQueue.access$000(EventQueue.java:101)
	at java.awt.EventQueue$3.run(EventQueue.java:666)
	at java.awt.EventQueue$3.run(EventQueue.java:664)
	at java.security.AccessController.doPrivileged(Native Method)
	at java.security.ProtectionDomain$1.doIntersectionPrivilege(ProtectionDomain.java:76)
	at java.security.ProtectionDomain$1.doIntersectionPrivilege(ProtectionDomain.java:87)
	at java.awt.EventQueue$4.run(EventQueue.java:680)
	at java.awt.EventQueue$4.run(EventQueue.java:678)
	at java.security.AccessController.doPrivileged(Native Method)
	at java.security.ProtectionDomain$1.doIntersectionPrivilege(ProtectionDomain.java:76)
	at java.awt.EventQueue.dispatchEvent(EventQueue.java:677)
	at java.awt.EventDispatchThread.pumpOneEventForFilters(EventDispatchThread.java:211)
	at java.awt.EventDispatchThread.pumpEventsForFilter(EventDispatchThread.java:128)
	at java.awt.EventDispatchThread.pumpEventsForHierarchy(EventDispatchThread.java:117)
	at java.awt.EventDispatchThread.pumpEvents(EventDispatchThread.java:113)
	at java.awt.EventDispatchThread.pumpEvents(EventDispatchThread.java:105)
	at java.awt.EventDispatchThread.run(EventDispatchThread.java:90)
[INFO ,2014-05-29 00:30:00,868 0,firstone.cliente.datos.dao.VehiculoDAO,AWT-EventQueue-0] obtener Vehiculo :: RFID :14
[INFO ,2014-05-29 00:30:01,017 149,firstone.cliente.datos.dao.PropietarioDAO,AWT-EventQueue-0] obtener Propietarios :: PLACA :456OAB
[INFO ,2014-05-29 00:30:07,917 7049,firstone.cliente.datos.dao.VehiculoDAO,AWT-EventQueue-0] obtener Vehiculo :: RFID :13
[INFO ,2014-05-29 00:30:07,952 7084,firstone.cliente.datos.dao.PropietarioDAO,AWT-EventQueue-0] obtener Propietarios :: PLACA :987SDF
[INFO ,2014-05-29 00:30:11,064 10196,firstone.cliente.datos.dao.VehiculoDAO,AWT-EventQueue-0] obtener Vehiculo :: RFID :12
[INFO ,2014-05-29 00:30:11,095 10227,firstone.cliente.datos.dao.PropietarioDAO,AWT-EventQueue-0] obtener Propietarios :: PLACA :5678ZXY
[INFO ,2014-05-29 00:30:14,013 13145,firstone.cliente.datos.dao.VehiculoDAO,AWT-EventQueue-0] obtener Vehiculo :: RFID :11
[INFO ,2014-05-29 00:30:14,035 13167,firstone.cliente.datos.dao.PropietarioDAO,AWT-EventQueue-0] obtener Propietarios :: PLACA :4321CBA
[INFO ,2014-05-29 00:30:20,117 19249,firstone.cliente.datos.dao.VehiculoDAO,AWT-EventQueue-0] obtener Vehiculo :: RFID :10
[INFO ,2014-05-29 00:30:20,155 19287,firstone.cliente.datos.dao.PropietarioDAO,AWT-EventQueue-0] obtener Propietarios :: PLACA :1234ABC
[INFO ,2014-05-29 00:30:23,900 23032,firstone.cliente.datos.dao.VehiculoDAO,AWT-EventQueue-0] obtener Vehiculo :: RFID :9
[INFO ,2014-05-29 00:30:33,101 32233,firstone.cliente.datos.dao.VehiculoDAO,AWT-EventQueue-0] obtener Vehiculo :: RFID :15
[INFO ,2014-05-29 00:30:33,133 32265,firstone.cliente.datos.dao.PropietarioDAO,AWT-EventQueue-0] obtener Propietarios :: PLACA :1111AAA
[INFO ,2014-05-29 01:10:59,364 0,firstone.cliente.datos.dao.VehiculoDAO,AWT-EventQueue-0] obtener Vehiculo :: RFID :17
[INFO ,2014-05-29 01:11:05,012 5648,firstone.cliente.datos.dao.VehiculoDAO,AWT-EventQueue-0] obtener Vehiculo :: RFID :17
[INFO ,2014-05-29 01:11:11,907 12543,firstone.cliente.datos.dao.VehiculoDAO,AWT-EventQueue-0] obtener Vehiculo :: RFID :14
[INFO ,2014-05-29 01:11:11,940 12576,firstone.cliente.datos.dao.PropietarioDAO,AWT-EventQueue-0] obtener Propietarios :: PLACA :456OAB
[INFO ,2014-05-29 01:11:12,699 13335,firstone.cliente.datos.dao.VehiculoDAO,AWT-EventQueue-0] obtener Vehiculo :: RFID :14
[INFO ,2014-05-29 01:11:12,731 13367,firstone.cliente.datos.dao.PropietarioDAO,AWT-EventQueue-0] obtener Propietarios :: PLACA :456OAB
[INFO ,2014-05-29 01:11:13,124 13760,firstone.cliente.datos.dao.VehiculoDAO,AWT-EventQueue-0] obtener Vehiculo :: RFID :14
[INFO ,2014-05-29 01:11:13,170 13806,firstone.cliente.datos.dao.PropietarioDAO,AWT-EventQueue-0] obtener Propietarios :: PLACA :456OAB
[INFO ,2014-05-29 01:11:13,491 14127,firstone.cliente.datos.dao.VehiculoDAO,AWT-EventQueue-0] obtener Vehiculo :: RFID :14
[INFO ,2014-05-29 01:11:13,519 14155,firstone.cliente.datos.dao.PropietarioDAO,AWT-EventQueue-0] obtener Propietarios :: PLACA :456OAB
[INFO ,2014-05-29 01:11:13,835 14471,firstone.cliente.datos.dao.VehiculoDAO,AWT-EventQueue-0] obtener Vehiculo :: RFID :14
[INFO ,2014-05-29 01:11:13,870 14506,firstone.cliente.datos.dao.PropietarioDAO,AWT-EventQueue-0] obtener Propietarios :: PLACA :456OAB
[INFO ,2014-05-29 01:11:14,075 14711,firstone.cliente.datos.dao.VehiculoDAO,AWT-EventQueue-0] obtener Vehiculo :: RFID :14
[INFO ,2014-05-29 01:11:14,097 14733,firstone.cliente.datos.dao.PropietarioDAO,AWT-EventQueue-0] obtener Propietarios :: PLACA :456OAB
[INFO ,2014-05-29 01:11:14,267 14903,firstone.cliente.datos.dao.VehiculoDAO,AWT-EventQueue-0] obtener Vehiculo :: RFID :14
[INFO ,2014-05-29 01:11:14,296 14932,firstone.cliente.datos.dao.PropietarioDAO,AWT-EventQueue-0] obtener Propietarios :: PLACA :456OAB
[INFO ,2014-05-29 01:11:14,446 15082,firstone.cliente.datos.dao.VehiculoDAO,AWT-EventQueue-0] obtener Vehiculo :: RFID :14
[INFO ,2014-05-29 01:11:14,470 15106,firstone.cliente.datos.dao.PropietarioDAO,AWT-EventQueue-0] obtener Propietarios :: PLACA :456OAB
[INFO ,2014-05-29 01:11:14,635 15271,firstone.cliente.datos.dao.VehiculoDAO,AWT-EventQueue-0] obtener Vehiculo :: RFID :14
[INFO ,2014-05-29 01:11:14,673 15309,firstone.cliente.datos.dao.PropietarioDAO,AWT-EventQueue-0] obtener Propietarios :: PLACA :456OAB
[INFO ,2014-05-29 01:11:14,899 15535,firstone.cliente.datos.dao.VehiculoDAO,AWT-EventQueue-0] obtener Vehiculo :: RFID :14
[INFO ,2014-05-29 01:11:14,916 15552,firstone.cliente.datos.dao.PropietarioDAO,AWT-EventQueue-0] obtener Propietarios :: PLACA :456OAB
[INFO ,2014-05-29 01:11:15,067 15703,firstone.cliente.datos.dao.VehiculoDAO,AWT-EventQueue-0] obtener Vehiculo :: RFID :14
[INFO ,2014-05-29 01:11:15,088 15724,firstone.cliente.datos.dao.PropietarioDAO,AWT-EventQueue-0] obtener Propietarios :: PLACA :456OAB
[INFO ,2014-05-29 01:11:17,691 18327,firstone.cliente.datos.dao.VehiculoDAO,AWT-EventQueue-0] obtener Vehiculo :: RFID :14
[INFO ,2014-05-29 01:11:17,726 18362,firstone.cliente.datos.dao.PropietarioDAO,AWT-EventQueue-0] obtener Propietarios :: PLACA :456OAB
[INFO ,2014-05-29 02:04:11,701 0,firstone.cliente.datos.dao.VehiculoDAO,AWT-EventQueue-0] obtener Vehiculo :: RFID :14
[INFO ,2014-05-29 02:04:11,720 19,firstone.cliente.datos.dao.PropietarioDAO,AWT-EventQueue-0] obtener Propietarios :: PLACA :456OAB
